#! c:/iverilog-x86/bin/vvp
:ivl_version "10.0 (stable)" "(v10_0)";
:ivl_delay_selection "TYPICAL";
:vpi_time_precision + 0;
:vpi_module "system";
:vpi_module "vhdl_sys";
:vpi_module "v2005_math";
:vpi_module "va_math";
S_006f8e18 .scope module, "syncJohnGTK" "syncJohnGTK" 2 3;
 .timescale 0 0;
v006f3408_0 .net "clkBench", 0 0, v006f9dc0_0;  1 drivers
v006f3460_0 .net "outBench", 3 0, v006f3358_0;  1 drivers
v006f34b8_0 .net "rstBench", 0 0, v006f48e8_0;  1 drivers
S_006f8ee8 .scope module, "aTester" "Tester" 2 13, 2 24 0, S_006f8e18;
 .timescale 0 0;
    .port_info 0 /OUTPUT 1 "rstTest"
    .port_info 1 /OUTPUT 1 "clkTest"
    .port_info 2 /INPUT 4 "outTest"
P_006f8210 .param/l "stimDelay" 0 2 29, +C4<00000000000000000000000000010100>;
v006f9dc0_0 .var "clkTest", 0 0;
v006fa6c8_0 .net "outTest", 3 0, v006f3358_0;  alias, 1 drivers
v006f48e8_0 .var "rstTest", 0 0;
S_006f4940 .scope module, "mySyncJohn" "syncJohn" 2 10, 3 10 0, S_006f8e18;
 .timescale 0 0;
    .port_info 0 /OUTPUT 4 "out"
    .port_info 1 /INPUT 1 "clk"
    .port_info 2 /INPUT 1 "rst"
v006f4a10_0 .net "clk", 0 0, v006f9dc0_0;  alias, 1 drivers
v006f4a68_0 .var "ns", 3 0;
v006f3358_0 .var "out", 3 0;
v006f33b0_0 .net "rst", 0 0, v006f48e8_0;  alias, 1 drivers
E_006f8878 .event posedge, v006f9dc0_0;
E_006f87b0 .event edge, v006fa6c8_0;
    .scope S_006f4940;
T_0 ;
    %wait E_006f87b0;
    %load/vec4 v006f3358_0;
    %parti/s 1, 0, 2;
    %inv;
    %ix/load 4, 3, 0;
    %flag_set/imm 4, 0;
    %store/vec4 v006f4a68_0, 4, 1;
    %load/vec4 v006f3358_0;
    %parti/s 3, 1, 2;
    %ix/load 4, 0, 0;
    %flag_set/imm 4, 0;
    %store/vec4 v006f4a68_0, 4, 3;
    %jmp T_0;
    .thread T_0, $push;
    .scope S_006f4940;
T_1 ;
    %wait E_006f8878;
    %load/vec4 v006f33b0_0;
    %nor/r;
    %flag_set/vec4 8;
    %jmp/0xz  T_1.0, 8;
    %pushi/vec4 0, 0, 4;
    %assign/vec4 v006f3358_0, 0;
    %jmp T_1.1;
T_1.0 ;
    %load/vec4 v006f4a68_0;
    %assign/vec4 v006f3358_0, 0;
T_1.1 ;
    %jmp T_1;
    .thread T_1;
    .scope S_006f8ee8;
T_2 ;
    %vpi_call 2 33 "$display", "\011\011 rstTest clkTest outTest " {0 0 0};
    %vpi_call 2 34 "$monitor", "\011\011 %b\011 %b \011 %b", v006f48e8_0, v006f9dc0_0, v006fa6c8_0 {0 0 0};
    %end;
    .thread T_2;
    .scope S_006f8ee8;
T_3 ;
    %pushi/vec4 0, 0, 1;
    %store/vec4 v006f9dc0_0, 0, 1;
    %pushi/vec4 0, 0, 1;
    %store/vec4 v006f48e8_0, 0, 1;
    %delay 20, 0;
    %load/vec4 v006f9dc0_0;
    %inv;
    %store/vec4 v006f9dc0_0, 0, 1;
    %delay 20, 0;
    %load/vec4 v006f9dc0_0;
    %inv;
    %store/vec4 v006f9dc0_0, 0, 1;
    %pushi/vec4 1, 0, 1;
    %store/vec4 v006f48e8_0, 0, 1;
    %delay 20, 0;
    %load/vec4 v006f9dc0_0;
    %inv;
    %store/vec4 v006f9dc0_0, 0, 1;
    %delay 20, 0;
    %load/vec4 v006f9dc0_0;
    %inv;
    %store/vec4 v006f9dc0_0, 0, 1;
    %delay 20, 0;
    %load/vec4 v006f9dc0_0;
    %inv;
    %store/vec4 v006f9dc0_0, 0, 1;
    %delay 20, 0;
    %load/vec4 v006f9dc0_0;
    %inv;
    %store/vec4 v006f9dc0_0, 0, 1;
    %delay 20, 0;
    %load/vec4 v006f9dc0_0;
    %inv;
    %store/vec4 v006f9dc0_0, 0, 1;
    %delay 20, 0;
    %load/vec4 v006f9dc0_0;
    %inv;
    %store/vec4 v006f9dc0_0, 0, 1;
    %delay 20, 0;
    %load/vec4 v006f9dc0_0;
    %inv;
    %store/vec4 v006f9dc0_0, 0, 1;
    %delay 20, 0;
    %load/vec4 v006f9dc0_0;
    %inv;
    %store/vec4 v006f9dc0_0, 0, 1;
    %delay 20, 0;
    %load/vec4 v006f9dc0_0;
    %inv;
    %store/vec4 v006f9dc0_0, 0, 1;
    %delay 20, 0;
    %load/vec4 v006f9dc0_0;
    %inv;
    %store/vec4 v006f9dc0_0, 0, 1;
    %delay 20, 0;
    %load/vec4 v006f9dc0_0;
    %inv;
    %store/vec4 v006f9dc0_0, 0, 1;
    %delay 20, 0;
    %load/vec4 v006f9dc0_0;
    %inv;
    %store/vec4 v006f9dc0_0, 0, 1;
    %delay 20, 0;
    %load/vec4 v006f9dc0_0;
    %inv;
    %store/vec4 v006f9dc0_0, 0, 1;
    %delay 20, 0;
    %load/vec4 v006f9dc0_0;
    %inv;
    %store/vec4 v006f9dc0_0, 0, 1;
    %delay 20, 0;
    %load/vec4 v006f9dc0_0;
    %inv;
    %store/vec4 v006f9dc0_0, 0, 1;
    %delay 20, 0;
    %load/vec4 v006f9dc0_0;
    %inv;
    %store/vec4 v006f9dc0_0, 0, 1;
    %delay 20, 0;
    %load/vec4 v006f9dc0_0;
    %inv;
    %store/vec4 v006f9dc0_0, 0, 1;
    %delay 20, 0;
    %load/vec4 v006f9dc0_0;
    %inv;
    %store/vec4 v006f9dc0_0, 0, 1;
    %delay 20, 0;
    %load/vec4 v006f9dc0_0;
    %inv;
    %store/vec4 v006f9dc0_0, 0, 1;
    %delay 20, 0;
    %load/vec4 v006f9dc0_0;
    %inv;
    %store/vec4 v006f9dc0_0, 0, 1;
    %delay 20, 0;
    %load/vec4 v006f9dc0_0;
    %inv;
    %store/vec4 v006f9dc0_0, 0, 1;
    %delay 40, 0;
    %vpi_call 2 64 "$finish" {0 0 0};
    %end;
    .thread T_3;
    .scope S_006f8e18;
T_4 ;
    %vpi_call 2 18 "$dumpfile", "syncJohn.vcd" {0 0 0};
    %vpi_call 2 19 "$dumpvars", 32'sb00000000000000000000000000000001, S_006f4940 {0 0 0};
    %end;
    .thread T_4;
# The file index is used to find the file name in the following table.
:file_names 4;
    "N/A";
    "<interactive>";
    "syncJohnGTK.v";
    "./syncJohn.v";
