Analysis & Synthesis report for DE1_SoC
Tue Apr 12 21:34:50 2016
Quartus II 64-Bit Version 14.0.0 Build 200 06/17/2014 SJ Web Edition


---------------------
; Table of Contents ;
---------------------
  1. Legal Notice
  2. Analysis & Synthesis Summary
  3. Analysis & Synthesis Settings
  4. Parallel Compilation
  5. Analysis & Synthesis Source Files Read
  6. Analysis & Synthesis Resource Usage Summary
  7. Analysis & Synthesis Resource Utilization by Entity
  8. Analysis & Synthesis RAM Summary
  9. State Machine - |sramDemo|state
 10. Registers Removed During Synthesis
 11. Removed Registers Triggering Further Register Optimizations
 12. General Register Statistics
 13. Multiplexer Restructuring Statistics (Restructuring Performed)
 14. Source assignments for sram:mySram|altsyncram:mem_rtl_0|altsyncram_kfj1:auto_generated
 15. Parameter Settings for User Entity Instance: Top-level Entity: |sramDemo
 16. Parameter Settings for Inferred Entity Instance: sram:mySram|altsyncram:mem_rtl_0
 17. altsyncram Parameter Settings by Entity Instance
 18. Port Connectivity Checks: "sram:mySram"
 19. Port Connectivity Checks: "clock_divider:cdiv"
 20. Post-Synthesis Netlist Statistics for Top Partition
 21. Elapsed Time Per Partition
 22. Analysis & Synthesis Messages
 23. Analysis & Synthesis Suppressed Messages



----------------
; Legal Notice ;
----------------
Copyright (C) 1991-2014 Altera Corporation. All rights reserved.
Your use of Altera Corporation's design tools, logic functions 
and other software and tools, and its AMPP partner logic 
functions, and any output files from any of the foregoing 
(including device programming or simulation files), and any 
associated documentation or information are expressly subject 
to the terms and conditions of the Altera Program License 
Subscription Agreement, the Altera Quartus II License Agreement,
the Altera MegaCore Function License Agreement, or other 
applicable license agreement, including, without limitation, 
that your use is for the sole purpose of programming logic 
devices manufactured by Altera and sold by Altera or its 
authorized distributors.  Please refer to the applicable 
agreement for further details.



+------------------------------------------------------------------------------+
; Analysis & Synthesis Summary                                                 ;
+---------------------------------+--------------------------------------------+
; Analysis & Synthesis Status     ; Successful - Tue Apr 12 21:34:50 2016      ;
; Quartus II 64-Bit Version       ; 14.0.0 Build 200 06/17/2014 SJ Web Edition ;
; Revision Name                   ; DE1_SoC                                    ;
; Top-level Entity Name           ; sramDemo                                   ;
; Family                          ; Cyclone V                                  ;
; Logic utilization (in ALMs)     ; N/A                                        ;
; Total registers                 ; 79                                         ;
; Total pins                      ; 25                                         ;
; Total virtual pins              ; 0                                          ;
; Total block memory bits         ; 16,384                                     ;
; Total DSP Blocks                ; 0                                          ;
; Total HSSI RX PCSs              ; 0                                          ;
; Total HSSI PMA RX Deserializers ; 0                                          ;
; Total HSSI TX PCSs              ; 0                                          ;
; Total HSSI PMA TX Serializers   ; 0                                          ;
; Total PLLs                      ; 0                                          ;
; Total DLLs                      ; 0                                          ;
+---------------------------------+--------------------------------------------+


+---------------------------------------------------------------------------------------------------------------------------+
; Analysis & Synthesis Settings                                                                                             ;
+---------------------------------------------------------------------------------+--------------------+--------------------+
; Option                                                                          ; Setting            ; Default Value      ;
+---------------------------------------------------------------------------------+--------------------+--------------------+
; Device                                                                          ; 5CGXFC7C7F23C8     ;                    ;
; Top-level entity name                                                           ; sramDemo           ; DE1_SoC            ;
; Family name                                                                     ; Cyclone V          ; Cyclone IV GX      ;
; Use smart compilation                                                           ; Off                ; Off                ;
; Enable parallel Assembler and TimeQuest Timing Analyzer during compilation      ; On                 ; On                 ;
; Enable compact report table                                                     ; Off                ; Off                ;
; Restructure Multiplexers                                                        ; Auto               ; Auto               ;
; MLAB Add Timing Constraints For Mixed-Port Feed-Through Mode Setting Don't Care ; Off                ; Off                ;
; Create Debugging Nodes for IP Cores                                             ; Off                ; Off                ;
; Preserve fewer node names                                                       ; On                 ; On                 ;
; Disable OpenCore Plus hardware evaluation                                       ; Off                ; Off                ;
; Verilog Version                                                                 ; Verilog_2001       ; Verilog_2001       ;
; VHDL Version                                                                    ; VHDL_1993          ; VHDL_1993          ;
; State Machine Processing                                                        ; Auto               ; Auto               ;
; Safe State Machine                                                              ; Off                ; Off                ;
; Extract Verilog State Machines                                                  ; On                 ; On                 ;
; Extract VHDL State Machines                                                     ; On                 ; On                 ;
; Ignore Verilog initial constructs                                               ; Off                ; Off                ;
; Iteration limit for constant Verilog loops                                      ; 5000               ; 5000               ;
; Iteration limit for non-constant Verilog loops                                  ; 250                ; 250                ;
; Add Pass-Through Logic to Inferred RAMs                                         ; On                 ; On                 ;
; Infer RAMs from Raw Logic                                                       ; On                 ; On                 ;
; Parallel Synthesis                                                              ; On                 ; On                 ;
; DSP Block Balancing                                                             ; Auto               ; Auto               ;
; NOT Gate Push-Back                                                              ; On                 ; On                 ;
; Power-Up Don't Care                                                             ; On                 ; On                 ;
; Remove Redundant Logic Cells                                                    ; Off                ; Off                ;
; Remove Duplicate Registers                                                      ; On                 ; On                 ;
; Ignore CARRY Buffers                                                            ; Off                ; Off                ;
; Ignore CASCADE Buffers                                                          ; Off                ; Off                ;
; Ignore GLOBAL Buffers                                                           ; Off                ; Off                ;
; Ignore ROW GLOBAL Buffers                                                       ; Off                ; Off                ;
; Ignore LCELL Buffers                                                            ; Off                ; Off                ;
; Ignore SOFT Buffers                                                             ; On                 ; On                 ;
; Limit AHDL Integers to 32 Bits                                                  ; Off                ; Off                ;
; Optimization Technique                                                          ; Balanced           ; Balanced           ;
; Carry Chain Length                                                              ; 70                 ; 70                 ;
; Auto Carry Chains                                                               ; On                 ; On                 ;
; Auto Open-Drain Pins                                                            ; On                 ; On                 ;
; Perform WYSIWYG Primitive Resynthesis                                           ; Off                ; Off                ;
; Auto ROM Replacement                                                            ; On                 ; On                 ;
; Auto RAM Replacement                                                            ; On                 ; On                 ;
; Auto DSP Block Replacement                                                      ; On                 ; On                 ;
; Auto Shift Register Replacement                                                 ; Auto               ; Auto               ;
; Allow Shift Register Merging across Hierarchies                                 ; Auto               ; Auto               ;
; Auto Clock Enable Replacement                                                   ; On                 ; On                 ;
; Strict RAM Replacement                                                          ; Off                ; Off                ;
; Allow Synchronous Control Signals                                               ; On                 ; On                 ;
; Force Use of Synchronous Clear Signals                                          ; Off                ; Off                ;
; Auto Resource Sharing                                                           ; Off                ; Off                ;
; Allow Any RAM Size For Recognition                                              ; Off                ; Off                ;
; Allow Any ROM Size For Recognition                                              ; Off                ; Off                ;
; Allow Any Shift Register Size For Recognition                                   ; Off                ; Off                ;
; Use LogicLock Constraints during Resource Balancing                             ; On                 ; On                 ;
; Ignore translate_off and synthesis_off directives                               ; Off                ; Off                ;
; Timing-Driven Synthesis                                                         ; On                 ; On                 ;
; Report Parameter Settings                                                       ; On                 ; On                 ;
; Report Source Assignments                                                       ; On                 ; On                 ;
; Report Connectivity Checks                                                      ; On                 ; On                 ;
; Ignore Maximum Fan-Out Assignments                                              ; Off                ; Off                ;
; Synchronization Register Chain Length                                           ; 3                  ; 3                  ;
; PowerPlay Power Optimization                                                    ; Normal compilation ; Normal compilation ;
; HDL message level                                                               ; Level2             ; Level2             ;
; Suppress Register Optimization Related Messages                                 ; Off                ; Off                ;
; Number of Removed Registers Reported in Synthesis Report                        ; 5000               ; 5000               ;
; Number of Swept Nodes Reported in Synthesis Report                              ; 5000               ; 5000               ;
; Number of Inverted Registers Reported in Synthesis Report                       ; 100                ; 100                ;
; Clock MUX Protection                                                            ; On                 ; On                 ;
; Auto Gated Clock Conversion                                                     ; Off                ; Off                ;
; Block Design Naming                                                             ; Auto               ; Auto               ;
; SDC constraint protection                                                       ; Off                ; Off                ;
; Synthesis Effort                                                                ; Auto               ; Auto               ;
; Shift Register Replacement - Allow Asynchronous Clear Signal                    ; On                 ; On                 ;
; Pre-Mapping Resynthesis Optimization                                            ; Off                ; Off                ;
; Analysis & Synthesis Message Level                                              ; Medium             ; Medium             ;
; Disable Register Merging Across Hierarchies                                     ; Auto               ; Auto               ;
; Resource Aware Inference For Block RAM                                          ; On                 ; On                 ;
; Synthesis Seed                                                                  ; 1                  ; 1                  ;
; Automatic Parallel Synthesis                                                    ; On                 ; On                 ;
; Partial Reconfiguration Bitstream ID                                            ; Off                ; Off                ;
+---------------------------------------------------------------------------------+--------------------+--------------------+


+------------------------------------------+
; Parallel Compilation                     ;
+----------------------------+-------------+
; Processors                 ; Number      ;
+----------------------------+-------------+
; Number detected on machine ; 4           ;
; Maximum allowed            ; 4           ;
;                            ;             ;
; Average used               ; 1.00        ;
; Maximum used               ; 1           ;
;                            ;             ;
; Usage by Processor         ; % Time Used ;
;     Processor 1            ; 100.0%      ;
;     Processors 2-4         ;   0.0%      ;
+----------------------------+-------------+


+-----------------------------------------------------------------------------------------------------------------------------------------------------------------------+
; Analysis & Synthesis Source Files Read                                                                                                                                ;
+----------------------------------+-----------------+------------------------------+-------------------------------------------------------------------------+---------+
; File Name with User-Entered Path ; Used in Netlist ; File Type                    ; File Name with Absolute Path                                            ; Library ;
+----------------------------------+-----------------+------------------------------+-------------------------------------------------------------------------+---------+
; sramDemo.v                       ; yes             ; User Verilog HDL File        ; C:/UDub/Spring_2016/EE_469/EE-469/Lab2/sramDemo.v                       ;         ;
; sram.v                           ; yes             ; User Verilog HDL File        ; C:/UDub/Spring_2016/EE_469/EE-469/Lab2/sram.v                           ;         ;
; altsyncram.tdf                   ; yes             ; Megafunction                 ; c:/altera quartus/quartus/libraries/megafunctions/altsyncram.tdf        ;         ;
; stratix_ram_block.inc            ; yes             ; Megafunction                 ; c:/altera quartus/quartus/libraries/megafunctions/stratix_ram_block.inc ;         ;
; lpm_mux.inc                      ; yes             ; Megafunction                 ; c:/altera quartus/quartus/libraries/megafunctions/lpm_mux.inc           ;         ;
; lpm_decode.inc                   ; yes             ; Megafunction                 ; c:/altera quartus/quartus/libraries/megafunctions/lpm_decode.inc        ;         ;
; aglobal140.inc                   ; yes             ; Megafunction                 ; c:/altera quartus/quartus/libraries/megafunctions/aglobal140.inc        ;         ;
; a_rdenreg.inc                    ; yes             ; Megafunction                 ; c:/altera quartus/quartus/libraries/megafunctions/a_rdenreg.inc         ;         ;
; altrom.inc                       ; yes             ; Megafunction                 ; c:/altera quartus/quartus/libraries/megafunctions/altrom.inc            ;         ;
; altram.inc                       ; yes             ; Megafunction                 ; c:/altera quartus/quartus/libraries/megafunctions/altram.inc            ;         ;
; altdpram.inc                     ; yes             ; Megafunction                 ; c:/altera quartus/quartus/libraries/megafunctions/altdpram.inc          ;         ;
; db/altsyncram_kfj1.tdf           ; yes             ; Auto-Generated Megafunction  ; C:/UDub/Spring_2016/EE_469/EE-469/Lab2/db/altsyncram_kfj1.tdf           ;         ;
+----------------------------------+-----------------+------------------------------+-------------------------------------------------------------------------+---------+


+-------------------------------------------------------------------------------------+
; Analysis & Synthesis Resource Usage Summary                                         ;
+---------------------------------------------+---------------------------------------+
; Resource                                    ; Usage                                 ;
+---------------------------------------------+---------------------------------------+
; Estimate of Logic utilization (ALMs needed) ; 51                                    ;
;                                             ;                                       ;
; Combinational ALUT usage for logic          ; 78                                    ;
;     -- 7 input functions                    ; 0                                     ;
;     -- 6 input functions                    ; 13                                    ;
;     -- 5 input functions                    ; 3                                     ;
;     -- 4 input functions                    ; 3                                     ;
;     -- <=3 input functions                  ; 59                                    ;
;                                             ;                                       ;
; Dedicated logic registers                   ; 79                                    ;
;                                             ;                                       ;
; I/O pins                                    ; 25                                    ;
; Total MLAB memory bits                      ; 0                                     ;
; Total block memory bits                     ; 16384                                 ;
; Total DSP Blocks                            ; 0                                     ;
; Maximum fan-out node                        ; clock_divider:cdiv|divided_clocks[23] ;
; Maximum fan-out                             ; 64                                    ;
; Total fan-out                               ; 692                                   ;
; Average fan-out                             ; 3.22                                  ;
+---------------------------------------------+---------------------------------------+


+--------------------------------------------------------------------------------------------------------------------------------------------------------------------------------------------------------------------------------+
; Analysis & Synthesis Resource Utilization by Entity                                                                                                                                                                            ;
+-------------------------------------------+-------------------+--------------+-------------------+------------+------+--------------+---------------------------------------------------------------------------+--------------+
; Compilation Hierarchy Node                ; LC Combinationals ; LC Registers ; Block Memory Bits ; DSP Blocks ; Pins ; Virtual Pins ; Full Hierarchy Name                                                       ; Library Name ;
+-------------------------------------------+-------------------+--------------+-------------------+------------+------+--------------+---------------------------------------------------------------------------+--------------+
; |sramDemo                                 ; 78 (54)           ; 79 (36)      ; 16384             ; 0          ; 25   ; 0            ; |sramDemo                                                                 ; work         ;
;    |clock_divider:cdiv|                   ; 24 (24)           ; 24 (24)      ; 0                 ; 0          ; 0    ; 0            ; |sramDemo|clock_divider:cdiv                                              ; work         ;
;    |sram:mySram|                          ; 0 (0)             ; 19 (19)      ; 16384             ; 0          ; 0    ; 0            ; |sramDemo|sram:mySram                                                     ; work         ;
;       |altsyncram:mem_rtl_0|              ; 0 (0)             ; 0 (0)        ; 16384             ; 0          ; 0    ; 0            ; |sramDemo|sram:mySram|altsyncram:mem_rtl_0                                ; work         ;
;          |altsyncram_kfj1:auto_generated| ; 0 (0)             ; 0 (0)        ; 16384             ; 0          ; 0    ; 0            ; |sramDemo|sram:mySram|altsyncram:mem_rtl_0|altsyncram_kfj1:auto_generated ; work         ;
+-------------------------------------------+-------------------+--------------+-------------------+------------+------+--------------+---------------------------------------------------------------------------+--------------+
Note: For table entries with two numbers listed, the numbers in parentheses indicate the number of resources of the given type used by the specific entity alone. The numbers listed outside of parentheses indicate the total resources of the given type used by the specific entity and all of its sub-entities in the hierarchy.


+---------------------------------------------------------------------------------------------------------------------------------------------------------------------------------+
; Analysis & Synthesis RAM Summary                                                                                                                                                ;
+----------------------------------------------------------------------------+------+------------------+--------------+--------------+--------------+--------------+-------+------+
; Name                                                                       ; Type ; Mode             ; Port A Depth ; Port A Width ; Port B Depth ; Port B Width ; Size  ; MIF  ;
+----------------------------------------------------------------------------+------+------------------+--------------+--------------+--------------+--------------+-------+------+
; sram:mySram|altsyncram:mem_rtl_0|altsyncram_kfj1:auto_generated|ALTSYNCRAM ; AUTO ; Simple Dual Port ; 2048         ; 16           ; 2048         ; 16           ; 32768 ; None ;
+----------------------------------------------------------------------------+------+------------------+--------------+--------------+--------------+--------------+-------+------+


Encoding Type:  One-Hot
+---------------------------------------------------------------------------------------------+
; State Machine - |sramDemo|state                                                             ;
+----------------+---------------+--------------+---------------+----------------+------------+
; Name           ; state.readSet ; state.readDo ; state.writeDo ; state.writeSet ; state.idle ;
+----------------+---------------+--------------+---------------+----------------+------------+
; state.idle     ; 0             ; 0            ; 0             ; 0              ; 0          ;
; state.writeSet ; 0             ; 0            ; 0             ; 1              ; 1          ;
; state.writeDo  ; 0             ; 0            ; 1             ; 0              ; 1          ;
; state.readDo   ; 0             ; 1            ; 0             ; 0              ; 1          ;
; state.readSet  ; 1             ; 0            ; 0             ; 0              ; 1          ;
+----------------+---------------+--------------+---------------+----------------+------------+


+----------------------------------------------------------------+
; Registers Removed During Synthesis                             ;
+-------------------------------------------+--------------------+
; Register name                             ; Reason for Removal ;
+-------------------------------------------+--------------------+
; state~7                                   ; Lost fanout        ;
; state~8                                   ; Lost fanout        ;
; state~9                                   ; Lost fanout        ;
; clock_divider:cdiv|divided_clocks[24..31] ; Lost fanout        ;
; sram:mySram|mdr[8..15]                    ; Lost fanout        ;
; mem[8..15]                                ; Lost fanout        ;
; Total Number of Removed Registers = 27    ;                    ;
+-------------------------------------------+--------------------+


+-----------------------------------------------------------------------------------+
; Removed Registers Triggering Further Register Optimizations                       ;
+---------------------+--------------------+----------------------------------------+
; Register name       ; Reason for Removal ; Registers Removed due to This Register ;
+---------------------+--------------------+----------------------------------------+
; sram:mySram|mdr[8]  ; Lost Fanouts       ; mem[8]                                 ;
; sram:mySram|mdr[9]  ; Lost Fanouts       ; mem[9]                                 ;
; sram:mySram|mdr[10] ; Lost Fanouts       ; mem[10]                                ;
; sram:mySram|mdr[11] ; Lost Fanouts       ; mem[11]                                ;
; sram:mySram|mdr[12] ; Lost Fanouts       ; mem[12]                                ;
; sram:mySram|mdr[13] ; Lost Fanouts       ; mem[13]                                ;
; sram:mySram|mdr[14] ; Lost Fanouts       ; mem[14]                                ;
; sram:mySram|mdr[15] ; Lost Fanouts       ; mem[15]                                ;
+---------------------+--------------------+----------------------------------------+


+------------------------------------------------------+
; General Register Statistics                          ;
+----------------------------------------------+-------+
; Statistic                                    ; Value ;
+----------------------------------------------+-------+
; Total registers                              ; 79    ;
; Number of registers using Synchronous Clear  ; 15    ;
; Number of registers using Synchronous Load   ; 18    ;
; Number of registers using Asynchronous Clear ; 0     ;
; Number of registers using Asynchronous Load  ; 0     ;
; Number of registers using Clock Enable       ; 27    ;
; Number of registers using Preset             ; 0     ;
+----------------------------------------------+-------+


+--------------------------------------------------------------------------------------------------------------------------------------------+
; Multiplexer Restructuring Statistics (Restructuring Performed)                                                                             ;
+--------------------+-----------+---------------+----------------------+------------------------+------------+------------------------------+
; Multiplexer Inputs ; Bus Width ; Baseline Area ; Area if Restructured ; Saving if Restructured ; Registered ; Example Multiplexer Output   ;
+--------------------+-----------+---------------+----------------------+------------------------+------------+------------------------------+
; 3:1                ; 8 bits    ; 16 LEs        ; 0 LEs                ; 16 LEs                 ; Yes        ; |sramDemo|sram:mySram|mdr[8] ;
; 7:1                ; 7 bits    ; 28 LEs        ; 14 LEs               ; 14 LEs                 ; Yes        ; |sramDemo|mem[6]             ;
; 7:1                ; 9 bits    ; 36 LEs        ; 0 LEs                ; 36 LEs                 ; Yes        ; |sramDemo|mem[9]             ;
; 9:1                ; 11 bits   ; 66 LEs        ; 0 LEs                ; 66 LEs                 ; Yes        ; |sramDemo|adrx[5]            ;
; 3:1                ; 4 bits    ; 8 LEs         ; 8 LEs                ; 0 LEs                  ; No         ; |sramDemo|state              ;
+--------------------+-----------+---------------+----------------------+------------------------+------------+------------------------------+


+----------------------------------------------------------------------------------------+
; Source assignments for sram:mySram|altsyncram:mem_rtl_0|altsyncram_kfj1:auto_generated ;
+---------------------------------+--------------------+------+--------------------------+
; Assignment                      ; Value              ; From ; To                       ;
+---------------------------------+--------------------+------+--------------------------+
; OPTIMIZE_POWER_DURING_SYNTHESIS ; NORMAL_COMPILATION ; -    ; -                        ;
+---------------------------------+--------------------+------+--------------------------+


+--------------------------------------------------------------------------+
; Parameter Settings for User Entity Instance: Top-level Entity: |sramDemo ;
+----------------+-------+-------------------------------------------------+
; Parameter Name ; Value ; Type                                            ;
+----------------+-------+-------------------------------------------------+
; idle           ; 000   ; Unsigned Binary                                 ;
; writeSet       ; 001   ; Unsigned Binary                                 ;
; writeDo        ; 011   ; Unsigned Binary                                 ;
; readSet        ; 111   ; Unsigned Binary                                 ;
; readDo         ; 110   ; Unsigned Binary                                 ;
+----------------+-------+-------------------------------------------------+
Note: In order to hide this table in the UI and the text report file, please set the "Show Parameter Settings in Synthesis Report" option in "Analysis and Synthesis Settings -> More Settings" to "Off".


+-----------------------------------------------------------------------------------+
; Parameter Settings for Inferred Entity Instance: sram:mySram|altsyncram:mem_rtl_0 ;
+------------------------------------+----------------------+-----------------------+
; Parameter Name                     ; Value                ; Type                  ;
+------------------------------------+----------------------+-----------------------+
; BYTE_SIZE_BLOCK                    ; 8                    ; Untyped               ;
; AUTO_CARRY_CHAINS                  ; ON                   ; AUTO_CARRY            ;
; IGNORE_CARRY_BUFFERS               ; OFF                  ; IGNORE_CARRY          ;
; AUTO_CASCADE_CHAINS                ; ON                   ; AUTO_CASCADE          ;
; IGNORE_CASCADE_BUFFERS             ; OFF                  ; IGNORE_CASCADE        ;
; WIDTH_BYTEENA                      ; 1                    ; Untyped               ;
; OPERATION_MODE                     ; DUAL_PORT            ; Untyped               ;
; WIDTH_A                            ; 16                   ; Untyped               ;
; WIDTHAD_A                          ; 11                   ; Untyped               ;
; NUMWORDS_A                         ; 2048                 ; Untyped               ;
; OUTDATA_REG_A                      ; UNREGISTERED         ; Untyped               ;
; ADDRESS_ACLR_A                     ; NONE                 ; Untyped               ;
; OUTDATA_ACLR_A                     ; NONE                 ; Untyped               ;
; WRCONTROL_ACLR_A                   ; NONE                 ; Untyped               ;
; INDATA_ACLR_A                      ; NONE                 ; Untyped               ;
; BYTEENA_ACLR_A                     ; NONE                 ; Untyped               ;
; WIDTH_B                            ; 16                   ; Untyped               ;
; WIDTHAD_B                          ; 11                   ; Untyped               ;
; NUMWORDS_B                         ; 2048                 ; Untyped               ;
; INDATA_REG_B                       ; CLOCK1               ; Untyped               ;
; WRCONTROL_WRADDRESS_REG_B          ; CLOCK1               ; Untyped               ;
; RDCONTROL_REG_B                    ; CLOCK1               ; Untyped               ;
; ADDRESS_REG_B                      ; CLOCK1               ; Untyped               ;
; OUTDATA_REG_B                      ; UNREGISTERED         ; Untyped               ;
; BYTEENA_REG_B                      ; CLOCK1               ; Untyped               ;
; INDATA_ACLR_B                      ; NONE                 ; Untyped               ;
; WRCONTROL_ACLR_B                   ; NONE                 ; Untyped               ;
; ADDRESS_ACLR_B                     ; NONE                 ; Untyped               ;
; OUTDATA_ACLR_B                     ; NONE                 ; Untyped               ;
; RDCONTROL_ACLR_B                   ; NONE                 ; Untyped               ;
; BYTEENA_ACLR_B                     ; NONE                 ; Untyped               ;
; WIDTH_BYTEENA_A                    ; 1                    ; Untyped               ;
; WIDTH_BYTEENA_B                    ; 1                    ; Untyped               ;
; RAM_BLOCK_TYPE                     ; AUTO                 ; Untyped               ;
; BYTE_SIZE                          ; 8                    ; Untyped               ;
; READ_DURING_WRITE_MODE_MIXED_PORTS ; DONT_CARE            ; Untyped               ;
; READ_DURING_WRITE_MODE_PORT_A      ; NEW_DATA_NO_NBE_READ ; Untyped               ;
; READ_DURING_WRITE_MODE_PORT_B      ; NEW_DATA_NO_NBE_READ ; Untyped               ;
; INIT_FILE                          ; UNUSED               ; Untyped               ;
; INIT_FILE_LAYOUT                   ; PORT_A               ; Untyped               ;
; MAXIMUM_DEPTH                      ; 0                    ; Untyped               ;
; CLOCK_ENABLE_INPUT_A               ; NORMAL               ; Untyped               ;
; CLOCK_ENABLE_INPUT_B               ; NORMAL               ; Untyped               ;
; CLOCK_ENABLE_OUTPUT_A              ; NORMAL               ; Untyped               ;
; CLOCK_ENABLE_OUTPUT_B              ; NORMAL               ; Untyped               ;
; CLOCK_ENABLE_CORE_A                ; USE_INPUT_CLKEN      ; Untyped               ;
; CLOCK_ENABLE_CORE_B                ; USE_INPUT_CLKEN      ; Untyped               ;
; ENABLE_ECC                         ; FALSE                ; Untyped               ;
; ECC_PIPELINE_STAGE_ENABLED         ; FALSE                ; Untyped               ;
; WIDTH_ECCSTATUS                    ; 3                    ; Untyped               ;
; DEVICE_FAMILY                      ; Cyclone V            ; Untyped               ;
; CBXI_PARAMETER                     ; altsyncram_kfj1      ; Untyped               ;
+------------------------------------+----------------------+-----------------------+
Note: In order to hide this table in the UI and the text report file, please set the "Show Parameter Settings in Synthesis Report" option in "Analysis and Synthesis Settings -> More Settings" to "Off".


+------------------------------------------------------------------------------+
; altsyncram Parameter Settings by Entity Instance                             ;
+-------------------------------------------+----------------------------------+
; Name                                      ; Value                            ;
+-------------------------------------------+----------------------------------+
; Number of entity instances                ; 1                                ;
; Entity Instance                           ; sram:mySram|altsyncram:mem_rtl_0 ;
;     -- OPERATION_MODE                     ; DUAL_PORT                        ;
;     -- WIDTH_A                            ; 16                               ;
;     -- NUMWORDS_A                         ; 2048                             ;
;     -- OUTDATA_REG_A                      ; UNREGISTERED                     ;
;     -- WIDTH_B                            ; 16                               ;
;     -- NUMWORDS_B                         ; 2048                             ;
;     -- ADDRESS_REG_B                      ; CLOCK1                           ;
;     -- OUTDATA_REG_B                      ; UNREGISTERED                     ;
;     -- RAM_BLOCK_TYPE                     ; AUTO                             ;
;     -- READ_DURING_WRITE_MODE_MIXED_PORTS ; DONT_CARE                        ;
+-------------------------------------------+----------------------------------+


+----------------------------------------------------------------------------------------------------------------------+
; Port Connectivity Checks: "sram:mySram"                                                                              ;
+-------------+-------+----------+-------------------------------------------------------------------------------------+
; Port        ; Type  ; Severity ; Details                                                                             ;
+-------------+-------+----------+-------------------------------------------------------------------------------------+
; data[15..8] ; Bidir ; Warning  ; Connected to dangling logic. Logic that only feeds a dangling port will be removed. ;
+-------------+-------+----------+-------------------------------------------------------------------------------------+


+----------------------------------------------------------------------------------------------------------------------------------+
; Port Connectivity Checks: "clock_divider:cdiv"                                                                                   ;
+------------------------+--------+----------+-------------------------------------------------------------------------------------+
; Port                   ; Type   ; Severity ; Details                                                                             ;
+------------------------+--------+----------+-------------------------------------------------------------------------------------+
; divided_clocks[31..24] ; Output ; Info     ; Connected to dangling logic. Logic that only feeds a dangling port will be removed. ;
; divided_clocks[22..0]  ; Output ; Info     ; Connected to dangling logic. Logic that only feeds a dangling port will be removed. ;
+------------------------+--------+----------+-------------------------------------------------------------------------------------+


+-----------------------------------------------------+
; Post-Synthesis Netlist Statistics for Top Partition ;
+-----------------------+-----------------------------+
; Type                  ; Count                       ;
+-----------------------+-----------------------------+
; arriav_ff             ; 79                          ;
;     ENA               ; 8                           ;
;     ENA SCLR          ; 12                          ;
;     ENA SLD           ; 7                           ;
;     SCLR              ; 3                           ;
;     SLD               ; 11                          ;
;     plain             ; 38                          ;
; arriav_lcell_comb     ; 78                          ;
;     arith             ; 42                          ;
;         1 data inputs ; 41                          ;
;         2 data inputs ; 1                           ;
;     normal            ; 36                          ;
;         1 data inputs ; 1                           ;
;         2 data inputs ; 5                           ;
;         3 data inputs ; 11                          ;
;         4 data inputs ; 3                           ;
;         5 data inputs ; 3                           ;
;         6 data inputs ; 13                          ;
; boundary_port         ; 25                          ;
; stratixv_ram_block    ; 8                           ;
;                       ;                             ;
; Max LUT depth         ; 3.20                        ;
; Average LUT depth     ; 1.65                        ;
+-----------------------+-----------------------------+


+-------------------------------+
; Elapsed Time Per Partition    ;
+----------------+--------------+
; Partition Name ; Elapsed Time ;
+----------------+--------------+
; Top            ; 00:00:02     ;
+----------------+--------------+


+-------------------------------+
; Analysis & Synthesis Messages ;
+-------------------------------+
Info: *******************************************************************
Info: Running Quartus II 64-Bit Analysis & Synthesis
    Info: Version 14.0.0 Build 200 06/17/2014 SJ Web Edition
    Info: Processing started: Tue Apr 12 21:34:45 2016
Info: Command: quartus_map --read_settings_files=on --write_settings_files=off DE1_SoC -c DE1_SoC
Info (20030): Parallel compilation is enabled and will use 4 of the 4 processors detected
Info (12021): Found 2 design units, including 2 entities, in source file sramdemo.v
    Info (12023): Found entity 1: sramDemo
    Info (12023): Found entity 2: clock_divider
Info (12021): Found 1 design units, including 1 entities, in source file sram.v
    Info (12023): Found entity 1: sram
Info (12127): Elaborating entity "sramDemo" for the top level hierarchy
Info (12128): Elaborating entity "clock_divider" for hierarchy "clock_divider:cdiv"
Info (12128): Elaborating entity "sram" for hierarchy "sram:mySram"
Warning (276027): Inferred dual-clock RAM node "sram:mySram|mem_rtl_0" from synchronous design logic.  The read-during-write behavior of a dual-clock RAM is undefined and may not match the behavior of the original design.
Warning (13046): Tri-state node(s) do not directly drive top-level pin(s)
    Warning (13048): Converted tri-state node "data[15]" into a selector
    Warning (13048): Converted tri-state node "data[14]" into a selector
    Warning (13048): Converted tri-state node "data[13]" into a selector
    Warning (13048): Converted tri-state node "data[12]" into a selector
    Warning (13048): Converted tri-state node "data[11]" into a selector
    Warning (13048): Converted tri-state node "data[10]" into a selector
    Warning (13048): Converted tri-state node "data[9]" into a selector
    Warning (13048): Converted tri-state node "data[8]" into a selector
    Warning (13048): Converted tri-state node "data[7]" into a selector
    Warning (13048): Converted tri-state node "data[6]" into a selector
    Warning (13048): Converted tri-state node "data[5]" into a selector
    Warning (13048): Converted tri-state node "data[4]" into a selector
    Warning (13048): Converted tri-state node "data[3]" into a selector
    Warning (13048): Converted tri-state node "data[2]" into a selector
    Warning (13048): Converted tri-state node "data[1]" into a selector
    Warning (13048): Converted tri-state node "data[0]" into a selector
Info (19000): Inferred 1 megafunctions from design logic
    Info (276029): Inferred altsyncram megafunction from the following design logic: "sram:mySram|mem_rtl_0" 
        Info (286033): Parameter OPERATION_MODE set to DUAL_PORT
        Info (286033): Parameter WIDTH_A set to 16
        Info (286033): Parameter WIDTHAD_A set to 11
        Info (286033): Parameter NUMWORDS_A set to 2048
        Info (286033): Parameter WIDTH_B set to 16
        Info (286033): Parameter WIDTHAD_B set to 11
        Info (286033): Parameter NUMWORDS_B set to 2048
        Info (286033): Parameter ADDRESS_ACLR_A set to NONE
        Info (286033): Parameter OUTDATA_REG_B set to UNREGISTERED
        Info (286033): Parameter ADDRESS_ACLR_B set to NONE
        Info (286033): Parameter OUTDATA_ACLR_B set to NONE
        Info (286033): Parameter ADDRESS_REG_B set to CLOCK1
        Info (286033): Parameter INDATA_ACLR_A set to NONE
        Info (286033): Parameter WRCONTROL_ACLR_A set to NONE
Info (12130): Elaborated megafunction instantiation "sram:mySram|altsyncram:mem_rtl_0"
Info (12133): Instantiated megafunction "sram:mySram|altsyncram:mem_rtl_0" with the following parameter:
    Info (12134): Parameter "OPERATION_MODE" = "DUAL_PORT"
    Info (12134): Parameter "WIDTH_A" = "16"
    Info (12134): Parameter "WIDTHAD_A" = "11"
    Info (12134): Parameter "NUMWORDS_A" = "2048"
    Info (12134): Parameter "WIDTH_B" = "16"
    Info (12134): Parameter "WIDTHAD_B" = "11"
    Info (12134): Parameter "NUMWORDS_B" = "2048"
    Info (12134): Parameter "ADDRESS_ACLR_A" = "NONE"
    Info (12134): Parameter "OUTDATA_REG_B" = "UNREGISTERED"
    Info (12134): Parameter "ADDRESS_ACLR_B" = "NONE"
    Info (12134): Parameter "OUTDATA_ACLR_B" = "NONE"
    Info (12134): Parameter "ADDRESS_REG_B" = "CLOCK1"
    Info (12134): Parameter "INDATA_ACLR_A" = "NONE"
    Info (12134): Parameter "WRCONTROL_ACLR_A" = "NONE"
Info (12021): Found 1 design units, including 1 entities, in source file db/altsyncram_kfj1.tdf
    Info (12023): Found entity 1: altsyncram_kfj1
Warning (14284): Synthesized away the following node(s):
    Warning (14285): Synthesized away the following RAM node(s):
        Warning (14320): Synthesized away node "sram:mySram|altsyncram:mem_rtl_0|altsyncram_kfj1:auto_generated|ram_block1a8"
        Warning (14320): Synthesized away node "sram:mySram|altsyncram:mem_rtl_0|altsyncram_kfj1:auto_generated|ram_block1a9"
        Warning (14320): Synthesized away node "sram:mySram|altsyncram:mem_rtl_0|altsyncram_kfj1:auto_generated|ram_block1a10"
        Warning (14320): Synthesized away node "sram:mySram|altsyncram:mem_rtl_0|altsyncram_kfj1:auto_generated|ram_block1a11"
        Warning (14320): Synthesized away node "sram:mySram|altsyncram:mem_rtl_0|altsyncram_kfj1:auto_generated|ram_block1a12"
        Warning (14320): Synthesized away node "sram:mySram|altsyncram:mem_rtl_0|altsyncram_kfj1:auto_generated|ram_block1a13"
        Warning (14320): Synthesized away node "sram:mySram|altsyncram:mem_rtl_0|altsyncram_kfj1:auto_generated|ram_block1a14"
        Warning (14320): Synthesized away node "sram:mySram|altsyncram:mem_rtl_0|altsyncram_kfj1:auto_generated|ram_block1a15"
Warning (12241): 1 hierarchies have connectivity warnings - see the Connectivity Checks report folder
Info (286030): Timing-Driven Synthesis is running
Info (17049): 27 registers lost all their fanouts during netlist optimizations.
Info (144001): Generated suppressed messages file C:/UDub/Spring_2016/EE_469/EE-469/Lab2/DE1_SoC.map.smsg
Info (16010): Generating hard_block partition "hard_block:auto_generated_inst"
    Info (16011): Adding 0 node(s), including 0 DDIO, 0 PLL, 0 transceiver and 0 LCELL
Warning (21074): Design contains 11 input pin(s) that do not drive logic
    Warning (15610): No output dependent on input pin "SW[0]"
    Warning (15610): No output dependent on input pin "SW[1]"
    Warning (15610): No output dependent on input pin "SW[2]"
    Warning (15610): No output dependent on input pin "SW[3]"
    Warning (15610): No output dependent on input pin "SW[4]"
    Warning (15610): No output dependent on input pin "SW[5]"
    Warning (15610): No output dependent on input pin "SW[6]"
    Warning (15610): No output dependent on input pin "SW[7]"
    Warning (15610): No output dependent on input pin "SW[8]"
    Warning (15610): No output dependent on input pin "KEY[2]"
    Warning (15610): No output dependent on input pin "KEY[3]"
Info (21057): Implemented 130 device resources after synthesis - the final resource count might be different
    Info (21058): Implemented 15 input pins
    Info (21059): Implemented 10 output pins
    Info (21061): Implemented 97 logic cells
    Info (21064): Implemented 8 RAM segments
Info: Quartus II 64-Bit Analysis & Synthesis was successful. 0 errors, 41 warnings
    Info: Peak virtual memory: 633 megabytes
    Info: Processing ended: Tue Apr 12 21:34:50 2016
    Info: Elapsed time: 00:00:05
    Info: Total CPU time (on all processors): 00:00:05


+------------------------------------------+
; Analysis & Synthesis Suppressed Messages ;
+------------------------------------------+
The suppressed messages can be found in C:/UDub/Spring_2016/EE_469/EE-469/Lab2/DE1_SoC.map.smsg.


